<?xml version="1.0" encoding="UTF-8"?>
<!-- Generated by org.testng.reporters.JUnitReportReporter -->
<testsuite skipped="0" hostname="Sam-PC" name="com.crm.qa.testcases.TempTest" tests="1" failures="0" timestamp="06 Apr 2019 16:02:56 GMT" time="0.016" errors="0">
  <testcase name="met1" time="0.016" classname="com.crm.qa.testcases.TempTest"/>
</testsuite> <!-- com.crm.qa.testcases.TempTest -->
